<?xml version="1.0" encoding="UTF-8"?>
<!-- Generated by org.testng.reporters.JUnitReportReporter -->
<testsuite hostname="DESKTOP-DUSTU3B" failures="0" tests="6" name="com.sgtesting.dataprovider.DataProviderDemo" time="29.507" errors="0" timestamp="2021-09-16T16:04:21 IST" skipped="0">
  <testcase classname="com.sgtesting.dataprovider.DataProviderDemo" name="launchBrowser" time="2.775"/>
  <system-out/>
  <testcase classname="com.sgtesting.dataprovider.DataProviderDemo" name="navigate" time="6.272"/>
  <system-out/>
  <testcase classname="com.sgtesting.dataprovider.DataProviderDemo" name="login" time="7.676"/>
  <system-out/>
  <testcase classname="com.sgtesting.dataprovider.DataProviderDemo" name="login" time="0.032"/>
  <system-out/>
  <testcase classname="com.sgtesting.dataprovider.DataProviderDemo" name="login" time="12.489"/>
  <system-out/>
  <testcase classname="com.sgtesting.dataprovider.DataProviderDemo" name="closeApplication" time="0.263"/>
  <system-out/>
</testsuite> <!-- com.sgtesting.dataprovider.DataProviderDemo -->
